c:\users\billiam\documents\year3\soft356\bhaggar_mmp\model__loader\model__loader\release\vc141.pdb
c:\users\billiam\documents\year3\soft356\bhaggar_mmp\model__loader\model__loader\release\mesh.obj
c:\users\billiam\documents\year3\soft356\bhaggar_mmp\model__loader\model__loader\release\imgui_impl_glfw_gl3.obj
c:\users\billiam\documents\year3\soft356\bhaggar_mmp\model__loader\model__loader\release\imgui_draw.obj
c:\users\billiam\documents\year3\soft356\bhaggar_mmp\model__loader\model__loader\release\imgui_demo.obj
c:\users\billiam\documents\year3\soft356\bhaggar_mmp\model__loader\model__loader\release\imgui.obj
c:\users\billiam\documents\year3\soft356\bhaggar_mmp\model__loader\model__loader\release\material.obj
c:\users\billiam\documents\year3\soft356\bhaggar_mmp\model__loader\model__loader\release\main.obj
c:\users\billiam\documents\year3\soft356\bhaggar_mmp\model__loader\model__loader\release\loader.obj
c:\users\billiam\documents\year3\soft356\bhaggar_mmp\model__loader\model__loader\release\camera.obj
c:\users\billiam\documents\year3\soft356\bhaggar_mmp\model__loader\model__loader\release\backup.obj
c:\users\billiam\documents\year3\soft356\bhaggar_mmp\model__loader\model__loader\release\framebuffer.obj
c:\users\billiam\documents\bhaggar_mmp\model__loader\model__loader\release\vc141.pdb
c:\users\billiam\documents\bhaggar_mmp\model__loader\model__loader\release\mesh.obj
c:\users\billiam\documents\bhaggar_mmp\model__loader\model__loader\release\imgui_impl_glfw_gl3.obj
c:\users\billiam\documents\bhaggar_mmp\model__loader\model__loader\release\imgui_draw.obj
c:\users\billiam\documents\bhaggar_mmp\model__loader\model__loader\release\imgui_demo.obj
c:\users\billiam\documents\bhaggar_mmp\model__loader\model__loader\release\imgui.obj
c:\users\billiam\documents\bhaggar_mmp\model__loader\model__loader\release\material.obj
c:\users\billiam\documents\bhaggar_mmp\model__loader\model__loader\release\main.obj
c:\users\billiam\documents\bhaggar_mmp\model__loader\model__loader\release\loader.obj
c:\users\billiam\documents\bhaggar_mmp\model__loader\model__loader\release\framebuffer.obj
c:\users\billiam\documents\bhaggar_mmp\model__loader\model__loader\release\camera.obj
c:\users\billiam\documents\bhaggar_mmp\model__loader\model__loader\release\backup.obj
c:\users\billiam\documents\bhaggar_mmp\model__loader\release\model__loader.exe
c:\users\billiam\documents\bhaggar_mmp\model__loader\release\model__loader.pdb
c:\users\billiam\documents\year3\soft356\bhaggar_mmp\model__loader\release\model__loader.exe
c:\users\billiam\documents\year3\soft356\bhaggar_mmp\model__loader\release\model__loader.pdb
c:\users\billiam\documents\year3\soft356\bhaggar_mmp\model__loader\release\model__loader.ipdb
c:\users\billiam\documents\year3\soft356\bhaggar_mmp\model__loader\release\model__loader.iobj
c:\users\billiam\documents\bhaggar_mmp\model__loader\release\model__loader.ipdb
c:\users\billiam\documents\bhaggar_mmp\model__loader\release\model__loader.iobj
c:\users\billiam\documents\year3\soft356\bhaggar_mmp\model__loader\model__loader\release\model__loader.tlog\cl.command.1.tlog
c:\users\billiam\documents\year3\soft356\bhaggar_mmp\model__loader\model__loader\release\model__loader.tlog\cl.read.1.tlog
c:\users\billiam\documents\year3\soft356\bhaggar_mmp\model__loader\model__loader\release\model__loader.tlog\cl.write.1.tlog
c:\users\billiam\documents\year3\soft356\bhaggar_mmp\model__loader\model__loader\release\model__loader.tlog\link.command.1.tlog
c:\users\billiam\documents\year3\soft356\bhaggar_mmp\model__loader\model__loader\release\model__loader.tlog\link.read.1.tlog
c:\users\billiam\documents\year3\soft356\bhaggar_mmp\model__loader\model__loader\release\model__loader.tlog\link.write.1.tlog
c:\users\billiam\documents\year3\soft356\bhaggar_mmp\model__loader\model__loader\release\model__loader.tlog\model__loader.write.1u.tlog
